 
****************************************
Report : area
Design : LASER
Version: N-2017.09-SP2
Date   : Sat Apr  1 20:18:14 2023
****************************************

Library(s) Used:

    slow (File: /usr/cad/Design_Kit/CBDK_IC_Contest_v2.5/SynopsysDC/db/slow.db)

Number of ports:                          383
Number of nets:                          3354
Number of cells:                         2708
Number of combinational cells:           2177
Number of sequential cells:               510
Number of macros/black boxes:               0
Number of buf/inv:                        400
Number of references:                      64

Combinational area:              21646.942328
Buf/Inv area:                     1717.768773
Noncombinational area:           14241.185856
Macro/Black Box area:                0.000000
Net Interconnect area:      undefined  (No wire load specified)

Total cell area:                 35888.128184
Total area:                 undefined
1
