Loading db file '/usr/cad/Design_Kit/CBDK_IC_Contest_v2.5/SynopsysDC/db/slow.db'
Information: Propagating switching activity (low effort zero delay simulation). (PWR-6)
Warning: Design has unannotated primary inputs. (PWR-414)
Warning: Design has unannotated sequential cell outputs. (PWR-415)
 
****************************************
Report : power
        -analysis_effort low
Design : LASER
Version: N-2017.09-SP2
Date   : Sat Apr  1 20:18:15 2023
****************************************


Library(s) Used:

    slow (File: /usr/cad/Design_Kit/CBDK_IC_Contest_v2.5/SynopsysDC/db/slow.db)


Operating Conditions: slow   Library: slow
Wire Load Model Mode: top


Global Operating Voltage = 1.08 
Power-specific unit information :
    Voltage Units = 1V
    Capacitance Units = 1.000000pf
    Time Units = 1ns
    Dynamic Power Units = 1mW    (derived from V,C,T units)
    Leakage Power Units = 1pW


  Cell Internal Power  =   1.1196 mW   (98%)
  Net Switching Power  =  19.6688 uW    (2%)
                         ---------
Total Dynamic Power    =   1.1392 mW  (100%)

Cell Leakage Power     =  26.5318 uW


                 Internal         Switching           Leakage            Total
Power Group      Power            Power               Power              Power   (   %    )  Attrs
--------------------------------------------------------------------------------------------------
io_pad             0.0000            0.0000            0.0000            0.0000  (   0.00%)
memory             0.0000            0.0000            0.0000            0.0000  (   0.00%)
black_box          0.0000            0.0000            0.0000            0.0000  (   0.00%)
clock_network      0.0000            0.0000            0.0000            0.0000  (   0.00%)
register           1.1040        4.8777e-03        9.9268e+06            1.1188  (  95.97%)
sequential     1.9898e-05        2.9251e-06        5.4121e+04        7.6944e-05  (   0.01%)
combinational  1.5523e-02        1.4788e-02        1.6551e+07        4.6862e-02  (   4.02%)
--------------------------------------------------------------------------------------------------
Total              1.1196 mW     1.9669e-02 mW     2.6532e+07 pW         1.1658 mW
1
