 
****************************************
Report : resources
Design : LASER
Version: N-2017.09-SP2
Date   : Sat Apr  1 20:18:15 2023
****************************************

Resource Sharing Report for design LASER in file
        /home/rain/IC_contest/2023_grad_cell/2023_grad_cell/2023_grad_cell/LASER.v

===============================================================================
|          |              |            | Contained     |                      |
| Resource | Module       | Parameters | Resources     | Contained Operations |
===============================================================================
| r506     | DW_cmp       | width=6    |               | gte_61               |
| r508     | DW_cmp       | width=8    |               | eq_63_2              |
| r510     | DW01_inc     | width=6    |               | add_144              |
| r512     | DW01_inc     | width=8    |               | add_181              |
| r514     | DW01_inc     | width=3    |               | add_190              |
| r566     | DW01_inc     | width=6    |               | add_299_I40          |
| r1287    | DW01_add     | width=2    |               | add_37_root_add_299_I39_aco |
| r1289    | DW01_add     | width=3    |               | add_36_root_add_299_I39_aco |
| r1291    | DW01_add     | width=4    |               | add_35_root_add_299_I39_aco |
| r1293    | DW01_add     | width=5    |               | add_34_root_add_299_I39_aco |
| r1295    | DW01_add     | width=6    |               | add_12_root_add_13_root_add_299_I39_aco |
| r1297    | DW01_add     | width=6    |               | add_13_root_add_13_root_add_299_I39_aco |
| r1299    | DW01_add     | width=6    |               | add_16_root_add_13_root_add_299_I39_aco |
| r1301    | DW01_add     | width=6    |               | add_17_root_add_13_root_add_299_I39_aco |
| r1303    | DW01_add     | width=6    |               | add_19_root_add_13_root_add_299_I39_aco |
| r1305    | DW01_add     | width=6    |               | add_20_root_add_13_root_add_299_I39_aco |
| r1307    | DW01_add     | width=6    |               | add_3_root_add_13_root_add_299_I39_aco |
| r1309    | DW01_add     | width=6    |               | add_4_root_add_13_root_add_299_I39_aco |
| r1311    | DW01_add     | width=6    |               | add_6_root_add_13_root_add_299_I39_aco |
| r1313    | DW01_add     | width=6    |               | add_7_root_add_13_root_add_299_I39_aco |
| r1315    | DW01_add     | width=6    |               | add_10_root_add_13_root_add_299_I39_aco |
| r1317    | DW01_add     | width=6    |               | add_11_root_add_13_root_add_299_I39_aco |
| r1319    | DW01_add     | width=6    |               | add_15_root_add_13_root_add_299_I39_aco |
| r1321    | DW01_add     | width=6    |               | add_18_root_add_13_root_add_299_I39_aco |
| r1323    | DW01_add     | width=6    |               | add_2_root_add_13_root_add_299_I39_aco |
| r1325    | DW01_add     | width=6    |               | add_5_root_add_13_root_add_299_I39_aco |
| r1327    | DW01_add     | width=6    |               | add_9_root_add_13_root_add_299_I39_aco |
| r1329    | DW01_add     | width=6    |               | add_14_root_add_13_root_add_299_I39_aco |
| r1331    | DW01_add     | width=6    |               | add_1_root_add_13_root_add_299_I39_aco |
| r1333    | DW01_add     | width=6    |               | add_8_root_add_13_root_add_299_I39_aco |
| r1335    | DW01_add     | width=6    |               | add_0_root_add_13_root_add_299_I39_aco |
===============================================================================


Implementation Report
===============================================================================
|                    |                  | Current            | Set            |
| Cell               | Module           | Implementation     | Implementation |
===============================================================================
| add_181            | DW01_inc         | rpl                |                |
===============================================================================

1
