 
****************************************
Report : area
Design : Inside
Version: N-2017.09-SP2
Date   : Fri Mar 31 19:07:47 2023
****************************************

Library(s) Used:

    slow (File: /usr/cad/Design_Kit/CBDK_IC_Contest_v2.5/SynopsysDC/db/slow.db)

Number of ports:                           17
Number of nets:                            54
Number of cells:                           38
Number of combinational cells:             38
Number of sequential cells:                 0
Number of macros/black boxes:               0
Number of buf/inv:                          6
Number of references:                      17

Combinational area:                297.044995
Buf/Inv area:                       20.368800
Noncombinational area:               0.000000
Macro/Black Box area:                0.000000
Net Interconnect area:      undefined  (No wire load specified)

Total cell area:                   297.044995
Total area:                 undefined
1
