Loading db file '/usr/cad/Design_Kit/CBDK_IC_Contest_v2.5/SynopsysDC/db/slow.db'
Information: Propagating switching activity (low effort zero delay simulation). (PWR-6)
Warning: There is no defined clock in the design. (PWR-80)
Warning: Design has unannotated primary inputs. (PWR-414)
 
****************************************
Report : power
        -analysis_effort low
Design : Inside
Version: N-2017.09-SP2
Date   : Fri Mar 31 19:07:47 2023
****************************************


Library(s) Used:

    slow (File: /usr/cad/Design_Kit/CBDK_IC_Contest_v2.5/SynopsysDC/db/slow.db)


Operating Conditions: slow   Library: slow
Wire Load Model Mode: top


Global Operating Voltage = 1.08 
Power-specific unit information :
    Voltage Units = 1V
    Capacitance Units = 1.000000pf
    Time Units = 1ns
    Dynamic Power Units = 1mW    (derived from V,C,T units)
    Leakage Power Units = 1pW


  Cell Internal Power  =  25.9130 uW   (69%)
  Net Switching Power  =  11.5139 uW   (31%)
                         ---------
Total Dynamic Power    =  37.4269 uW  (100%)

Cell Leakage Power     = 274.9151 nW

Information: report_power power group summary does not include estimated clock tree power. (PWR-789)

                 Internal         Switching           Leakage            Total
Power Group      Power            Power               Power              Power   (   %    )  Attrs
--------------------------------------------------------------------------------------------------
io_pad             0.0000            0.0000            0.0000            0.0000  (   0.00%)
memory             0.0000            0.0000            0.0000            0.0000  (   0.00%)
black_box          0.0000            0.0000            0.0000            0.0000  (   0.00%)
clock_network      0.0000            0.0000            0.0000            0.0000  (   0.00%)
register           0.0000            0.0000            0.0000            0.0000  (   0.00%)
sequential         0.0000            0.0000            0.0000            0.0000  (   0.00%)
combinational  2.5913e-02        1.1514e-02        2.7492e+05        3.7702e-02  ( 100.00%)
--------------------------------------------------------------------------------------------------
Total          2.5913e-02 mW     1.1514e-02 mW     2.7492e+05 pW     3.7702e-02 mW
1
